<?xml version="1.0" encoding="UTF-8"?>
<testsuite name="com.mishateror.office.ability.AbilityTest" tests="3" skipped="0" failures="0" errors="0" timestamp="2026-04-26T13:49:16.028Z" hostname="MacBook-Air-Mihajlo.local" time="0.002">
  <properties/>
  <testcase name="testDefendAbility()" classname="com.mishateror.office.ability.AbilityTest" time="0.001"/>
  <testcase name="testPoisonAbility()" classname="com.mishateror.office.ability.AbilityTest" time="0.0"/>
  <testcase name="testAbilityCooldown()" classname="com.mishateror.office.ability.AbilityTest" time="0.0"/>
  <system-out><![CDATA[]]></system-out>
  <system-err><![CDATA[]]></system-err>
</testsuite>
