<?xml version="1.0" encoding="UTF-8"?>
<testsuite name="com.mishateror.office.RandomPoolTest" tests="3" skipped="0" failures="0" errors="0" timestamp="2026-04-26T13:49:16.010Z" hostname="MacBook-Air-Mihajlo.local" time="0.004">
  <properties/>
  <testcase name="testGetRandomFromEmptyPool()" classname="com.mishateror.office.RandomPoolTest" time="0.001"/>
  <testcase name="testAddAndSize()" classname="com.mishateror.office.RandomPoolTest" time="0.0"/>
  <testcase name="testGetRandom()" classname="com.mishateror.office.RandomPoolTest" time="0.0"/>
  <system-out><![CDATA[]]></system-out>
  <system-err><![CDATA[]]></system-err>
</testsuite>
