<?xml version="1.0" encoding="UTF-8"?>
<testsuite name="com.mishateror.office.patterns.AbstractFactoryTest" tests="2" skipped="0" failures="0" errors="0" timestamp="2026-04-26T13:49:16.039Z" hostname="MacBook-Air-Mihajlo.local" time="0.005">
  <properties/>
  <testcase name="testMonsterStageFactory()" classname="com.mishateror.office.patterns.AbstractFactoryTest" time="0.003"/>
  <testcase name="testBossStageFactory()" classname="com.mishateror.office.patterns.AbstractFactoryTest" time="0.001"/>
  <system-out><![CDATA[]]></system-out>
  <system-err><![CDATA[]]></system-err>
</testsuite>
