<?xml version="1.0" encoding="UTF-8"?>
<testsuite name="com.mishateror.office.characters.PlayerTest" tests="8" skipped="0" failures="0" errors="0" timestamp="2026-04-26T13:49:16.030Z" hostname="MacBook-Air-Mihajlo.local" time="0.009">
  <properties/>
  <testcase name="testHeal()" classname="com.mishateror.office.characters.PlayerTest" time="0.001"/>
  <testcase name="testUseAbilityThrowsException()" classname="com.mishateror.office.characters.PlayerTest" time="0.002"/>
  <testcase name="testOnBattleStartAndStartTurn()" classname="com.mishateror.office.characters.PlayerTest" time="0.001"/>
  <testcase name="testAddBlock()" classname="com.mishateror.office.characters.PlayerTest" time="0.0"/>
  <testcase name="testTakeDamageWithoutBlock()" classname="com.mishateror.office.characters.PlayerTest" time="0.001"/>
  <testcase name="testUseAbilitySuccess()" classname="com.mishateror.office.characters.PlayerTest" time="0.0"/>
  <testcase name="testInitialization()" classname="com.mishateror.office.characters.PlayerTest" time="0.001"/>
  <testcase name="testPoisonEffect()" classname="com.mishateror.office.characters.PlayerTest" time="0.0"/>
  <system-out><![CDATA[]]></system-out>
  <system-err><![CDATA[]]></system-err>
</testsuite>
