<?xml version="1.0" encoding="UTF-8"?>
<testsuite name="com.mishateror.office.ability.AbilityTest" tests="5" skipped="0" failures="0" errors="0" timestamp="2026-04-23T13:20:11.894Z" hostname="MacBook-Air-Mihajlo.local" time="0.008">
  <properties/>
  <testcase name="testDefendAbility()" classname="com.mishateror.office.ability.AbilityTest" time="0.002"/>
  <testcase name="testCooldownSystem()" classname="com.mishateror.office.ability.AbilityTest" time="0.001"/>
  <testcase name="testPoisonAbility()" classname="com.mishateror.office.ability.AbilityTest" time="0.002"/>
  <testcase name="testAttackAbility()" classname="com.mishateror.office.ability.AbilityTest" time="0.0"/>
  <testcase name="testNotEnoughAp()" classname="com.mishateror.office.ability.AbilityTest" time="0.001"/>
  <system-out><![CDATA[]]></system-out>
  <system-err><![CDATA[]]></system-err>
</testsuite>
